<?xml version="1.0" encoding="UTF-8"?>
<coverage generated="1351114460">
  <project timestamp="1351114460">
    <file name="/home/kevin/Projects/idiorm/src/Idiorm.php">
      <class name="Idiorm" namespace="global" fullPackage="Idiorm" category="ORM" package="Idiorm">
        <metrics methods="97" coveredmethods="97" conditionals="0" coveredconditionals="0" statements="418" coveredstatements="414" elements="515" coveredelements="511"/>
      </class>
      <line num="0" type="stmt" count="71"/>
      <line num="224" type="method" name="configure" crap="2" count="77"/>
      <line num="228" type="stmt" count="77"/>
      <line num="229" type="stmt" count="2"/>
      <line num="230" type="stmt" count="2"/>
      <line num="231" type="stmt" count="2"/>
      <line num="232" type="stmt" count="77"/>
      <line num="233" type="stmt" count="77"/>
      <line num="246" type="method" name="forTable" crap="1" count="73"/>
      <line num="248" type="stmt" count="73"/>
      <line num="249" type="stmt" count="73"/>
      <line num="257" type="method" name="setupDatabase" crap="2" count="75"/>
      <line num="259" type="stmt" count="75"/>
      <line num="260" type="stmt" count="2"/>
      <line num="261" type="stmt" count="2"/>
      <line num="262" type="stmt" count="2"/>
      <line num="263" type="stmt" count="2"/>
      <line num="264" type="stmt" count="2"/>
      <line num="265" type="stmt" count="2"/>
      <line num="266" type="stmt" count="2"/>
      <line num="267" type="stmt" count="2"/>
      <line num="268" type="stmt" count="75"/>
      <line num="279" type="method" name="setDatabase" crap="1" count="77"/>
      <line num="281" type="stmt" count="77"/>
      <line num="282" type="stmt" count="77"/>
      <line num="283" type="stmt" count="77"/>
      <line num="293" type="method" name="setupIdentifierQuoteCharacter" crap="2" count="77"/>
      <line num="295" type="stmt" count="77"/>
      <line num="296" type="stmt" count="1"/>
      <line num="297" type="stmt" count="1"/>
      <line num="298" type="stmt" count="77"/>
      <line num="306" type="method" name="detectIdentifierQuoteCharacter" crap="9.29" count="1"/>
      <line num="308" type="stmt" count="1"/>
      <line num="309" type="stmt" count="1"/>
      <line num="310" type="stmt" count="1"/>
      <line num="311" type="stmt" count="1"/>
      <line num="312" type="stmt" count="1"/>
      <line num="313" type="stmt" count="1"/>
      <line num="314" type="stmt" count="0"/>
      <line num="316" type="stmt" count="1"/>
      <line num="317" type="stmt" count="1"/>
      <line num="318" type="stmt" count="1"/>
      <line num="320" type="stmt" count="1"/>
      <line num="321" type="stmt" count="1"/>
      <line num="322" type="stmt" count="0"/>
      <line num="332" type="method" name="getDatabase" crap="1" count="3"/>
      <line num="335" type="stmt" count="3"/>
      <line num="352" type="method" name="logQuery" crap="3" count="68"/>
      <line num="355" type="stmt" count="68"/>
      <line num="356" type="stmt" count="1"/>
      <line num="359" type="stmt" count="67"/>
      <line num="361" type="stmt" count="33"/>
      <line num="364" type="stmt" count="33"/>
      <line num="367" type="stmt" count="33"/>
      <line num="368" type="stmt" count="33"/>
      <line num="369" type="stmt" count="34"/>
      <line num="372" type="stmt" count="67"/>
      <line num="373" type="stmt" count="67"/>
      <line num="374" type="stmt" count="67"/>
      <line num="384" type="method" name="getLastQuery" crap="1" count="64"/>
      <line num="386" type="stmt" count="64"/>
      <line num="396" type="method" name="getQueryLog" crap="1" count="2"/>
      <line num="398" type="stmt" count="2"/>
      <line num="408" type="method" name="underscoredToCamelCase" crap="5" count="4"/>
      <line num="410" type="stmt" count="4"/>
      <line num="411" type="stmt" count="1"/>
      <line num="415" type="stmt" count="4"/>
      <line num="417" type="stmt" count="4"/>
      <line num="419" type="stmt" count="4"/>
      <line num="420" type="stmt" count="4"/>
      <line num="421" type="stmt" count="4"/>
      <line num="422" type="stmt" count="1"/>
      <line num="423" type="stmt" count="1"/>
      <line num="424" type="stmt" count="4"/>
      <line num="425" type="stmt" count="4"/>
      <line num="427" type="stmt" count="4"/>
      <line num="428" type="stmt" count="4"/>
      <line num="430" type="stmt" count="4"/>
      <line num="432" type="stmt" count="4"/>
      <line num="441" type="method" name="getMemcache" crap="3" count="1"/>
      <line num="443" type="stmt" count="1"/>
      <line num="444" type="stmt" count="1"/>
      <line num="445" type="stmt" count="1"/>
      <line num="446" type="stmt" count="1"/>
      <line num="447" type="stmt" count="1"/>
      <line num="448" type="stmt" count="1"/>
      <line num="450" type="stmt" count="1"/>
      <line num="462" type="method" name="addMemcacheServer" crap="1" count="1"/>
      <line num="464" type="stmt" count="1"/>
      <line num="465" type="stmt" count="1"/>
      <line num="470" type="method" name="for_table" crap="1" count="2"/>
      <line num="472" type="stmt" count="2"/>
      <line num="473" type="stmt" count="1"/>
      <line num="476" type="method" name="set_db" crap="1" count="1"/>
      <line num="478" type="stmt" count="1"/>
      <line num="479" type="stmt" count="1"/>
      <line num="480" type="stmt" count="1"/>
      <line num="482" type="method" name="_setup_identifier_quote_character" crap="1" count="1"/>
      <line num="484" type="stmt" count="1"/>
      <line num="485" type="stmt" count="1"/>
      <line num="486" type="stmt" count="1"/>
      <line num="488" type="method" name="get_db" crap="1" count="1"/>
      <line num="490" type="stmt" count="1"/>
      <line num="491" type="stmt" count="1"/>
      <line num="494" type="method" name="get_last_query" crap="1" count="1"/>
      <line num="496" type="stmt" count="1"/>
      <line num="497" type="stmt" count="1"/>
      <line num="500" type="method" name="get_query_log" crap="1" count="1"/>
      <line num="502" type="stmt" count="1"/>
      <line num="503" type="stmt" count="1"/>
      <line num="517" type="method" name="__construct" crap="1" count="73"/>
      <line num="519" type="stmt" count="73"/>
      <line num="520" type="stmt" count="73"/>
      <line num="521" type="stmt" count="73"/>
      <line num="535" type="method" name="create" crap="2" count="3"/>
      <line num="537" type="stmt" count="3"/>
      <line num="538" type="stmt" count="3"/>
      <line num="539" type="stmt" count="2"/>
      <line num="541" type="stmt" count="1"/>
      <line num="556" type="method" name="useIdColumn" crap="1" count="46"/>
      <line num="558" type="stmt" count="46"/>
      <line num="559" type="stmt" count="46"/>
      <line num="570" type="method" name="createInstanceFromRow" crap="1" count="43"/>
      <line num="572" type="stmt" count="43"/>
      <line num="573" type="stmt" count="43"/>
      <line num="574" type="stmt" count="43"/>
      <line num="575" type="stmt" count="43"/>
      <line num="591" type="method" name="findOne" crap="3" count="30"/>
      <line num="593" type="stmt" count="30"/>
      <line num="594" type="stmt" count="12"/>
      <line num="595" type="stmt" count="12"/>
      <line num="596" type="stmt" count="30"/>
      <line num="597" type="stmt" count="30"/>
      <line num="599" type="stmt" count="28"/>
      <line num="600" type="stmt" count="9"/>
      <line num="603" type="stmt" count="19"/>
      <line num="614" type="method" name="findMany" crap="1" count="37"/>
      <line num="616" type="stmt" count="37"/>
      <line num="617" type="stmt" count="35"/>
      <line num="627" type="method" name="count" crap="3" count="1"/>
      <line num="629" type="stmt" count="1"/>
      <line num="630" type="stmt" count="1"/>
      <line num="631" type="stmt" count="1"/>
      <line num="644" type="method" name="hydrate" crap="1" count="45"/>
      <line num="646" type="stmt" count="45"/>
      <line num="647" type="stmt" count="45"/>
      <line num="656" type="method" name="forceAllDirty" crap="1" count="2"/>
      <line num="658" type="stmt" count="2"/>
      <line num="659" type="stmt" count="2"/>
      <line num="675" type="method" name="rawQuery" crap="1" count="2"/>
      <line num="677" type="stmt" count="2"/>
      <line num="678" type="stmt" count="2"/>
      <line num="679" type="stmt" count="2"/>
      <line num="680" type="stmt" count="2"/>
      <line num="690" type="method" name="tableAlias" crap="1" count="1"/>
      <line num="692" type="stmt" count="1"/>
      <line num="693" type="stmt" count="1"/>
      <line num="706" type="method" name="addResultColumn" crap="3" count="8"/>
      <line num="708" type="stmt" count="8"/>
      <line num="709" type="stmt" count="3"/>
      <line num="710" type="stmt" count="3"/>
      <line num="712" type="stmt" count="8"/>
      <line num="713" type="stmt" count="8"/>
      <line num="714" type="stmt" count="8"/>
      <line num="715" type="stmt" count="8"/>
      <line num="716" type="stmt" count="1"/>
      <line num="718" type="stmt" count="8"/>
      <line num="731" type="method" name="select" crap="1" count="6"/>
      <line num="733" type="stmt" count="6"/>
      <line num="734" type="stmt" count="6"/>
      <line num="747" type="method" name="selectExpr" crap="1" count="2"/>
      <line num="749" type="stmt" count="2"/>
      <line num="757" type="method" name="distinct" crap="1" count="1"/>
      <line num="759" type="stmt" count="1"/>
      <line num="760" type="stmt" count="1"/>
      <line num="792" type="method" name="addJoinSource" crap="3" count="9"/>
      <line num="795" type="stmt" count="9"/>
      <line num="797" type="stmt" count="9"/>
      <line num="800" type="stmt" count="9"/>
      <line num="801" type="stmt" count="1"/>
      <line num="802" type="stmt" count="1"/>
      <line num="803" type="stmt" count="1"/>
      <line num="806" type="stmt" count="9"/>
      <line num="807" type="stmt" count="8"/>
      <line num="808" type="stmt" count="8"/>
      <line num="809" type="stmt" count="8"/>
      <line num="810" type="stmt" count="8"/>
      <line num="811" type="stmt" count="8"/>
      <line num="813" type="stmt" count="9"/>
      <line num="814" type="stmt" count="9"/>
      <line num="826" type="method" name="join" crap="1" count="5"/>
      <line num="828" type="stmt" count="5"/>
      <line num="840" type="method" name="innerJoin" crap="1" count="1"/>
      <line num="842" type="stmt" count="1"/>
      <line num="854" type="method" name="leftOuterJoin" crap="1" count="1"/>
      <line num="856" type="stmt" count="1"/>
      <line num="868" type="method" name="rightOuterJoin" crap="1" count="1"/>
      <line num="870" type="stmt" count="1"/>
      <line num="882" type="method" name="fullOuterJoin" crap="1" count="1"/>
      <line num="884" type="stmt" count="1"/>
      <line num="895" type="method" name="addWhere" crap="2" count="35"/>
      <line num="897" type="stmt" count="35"/>
      <line num="898" type="stmt" count="29"/>
      <line num="899" type="stmt" count="29"/>
      <line num="900" type="stmt" count="35"/>
      <line num="901" type="stmt" count="35"/>
      <line num="902" type="stmt" count="35"/>
      <line num="904" type="stmt" count="35"/>
      <line num="920" type="method" name="addSimpleWhere" crap="3" count="29"/>
      <line num="923" type="stmt" count="29"/>
      <line num="924" type="stmt" count="29"/>
      <line num="925" type="stmt" count="29"/>
      <line num="926" type="stmt" count="1"/>
      <line num="927" type="stmt" count="1"/>
      <line num="929" type="stmt" count="29"/>
      <line num="930" type="stmt" count="29"/>
      <line num="941" type="method" name="createPlaceholders" crap="1" count="4"/>
      <line num="943" type="stmt" count="4"/>
      <line num="957" type="method" name="where" crap="1" count="23"/>
      <line num="959" type="stmt" count="23"/>
      <line num="971" type="method" name="whereEqual" crap="1" count="24"/>
      <line num="973" type="stmt" count="24"/>
      <line num="984" type="method" name="whereNotEqual" crap="1" count="1"/>
      <line num="986" type="stmt" count="1"/>
      <line num="996" type="method" name="whereIdIs" crap="1" count="13"/>
      <line num="998" type="stmt" count="13"/>
      <line num="1009" type="method" name="whereLike" crap="1" count="1"/>
      <line num="1011" type="stmt" count="1"/>
      <line num="1022" type="method" name="whereNotLike" crap="1" count="1"/>
      <line num="1024" type="stmt" count="1"/>
      <line num="1035" type="method" name="whereGt" crap="1" count="1"/>
      <line num="1037" type="stmt" count="1"/>
      <line num="1048" type="method" name="whereLt" crap="1" count="1"/>
      <line num="1050" type="stmt" count="1"/>
      <line num="1061" type="method" name="whereGte" crap="1" count="1"/>
      <line num="1063" type="stmt" count="1"/>
      <line num="1074" type="method" name="whereLte" crap="1" count="1"/>
      <line num="1076" type="stmt" count="1"/>
      <line num="1087" type="method" name="whereIn" crap="1" count="1"/>
      <line num="1089" type="stmt" count="1"/>
      <line num="1090" type="stmt" count="1"/>
      <line num="1091" type="stmt" count="1"/>
      <line num="1102" type="method" name="whereNotIn" crap="1" count="1"/>
      <line num="1104" type="stmt" count="1"/>
      <line num="1105" type="stmt" count="1"/>
      <line num="1106" type="stmt" count="1"/>
      <line num="1116" type="method" name="whereNull" crap="1" count="1"/>
      <line num="1118" type="stmt" count="1"/>
      <line num="1119" type="stmt" count="1"/>
      <line num="1129" type="method" name="whereNotNull" crap="1" count="1"/>
      <line num="1131" type="stmt" count="1"/>
      <line num="1132" type="stmt" count="1"/>
      <line num="1145" type="method" name="whereRaw" crap="1" count="3"/>
      <line num="1147" type="stmt" count="3"/>
      <line num="1157" type="method" name="limit" crap="1" count="33"/>
      <line num="1159" type="stmt" count="33"/>
      <line num="1160" type="stmt" count="33"/>
      <line num="1170" type="method" name="offset" crap="1" count="2"/>
      <line num="1172" type="stmt" count="2"/>
      <line num="1173" type="stmt" count="2"/>
      <line num="1184" type="method" name="addOrderBy" crap="1" count="4"/>
      <line num="1186" type="stmt" count="4"/>
      <line num="1187" type="stmt" count="4"/>
      <line num="1188" type="stmt" count="4"/>
      <line num="1198" type="method" name="orderByDesc" crap="1" count="2"/>
      <line num="1200" type="stmt" count="2"/>
      <line num="1210" type="method" name="orderByAsc" crap="1" count="3"/>
      <line num="1212" type="stmt" count="3"/>
      <line num="1223" type="method" name="orderByExpr" crap="1" count="1"/>
      <line num="1225" type="stmt" count="1"/>
      <line num="1226" type="stmt" count="1"/>
      <line num="1236" type="method" name="groupBy" crap="1" count="2"/>
      <line num="1238" type="stmt" count="2"/>
      <line num="1239" type="stmt" count="2"/>
      <line num="1240" type="stmt" count="2"/>
      <line num="1249" type="method" name="buildSelect" crap="2" count="67"/>
      <line num="1253" type="stmt" count="67"/>
      <line num="1254" type="stmt" count="2"/>
      <line num="1255" type="stmt" count="2"/>
      <line num="1260" type="stmt" count="65"/>
      <line num="1261" type="stmt" count="65"/>
      <line num="1263" type="stmt" count="65"/>
      <line num="1264" type="stmt" count="65"/>
      <line num="1265" type="stmt" count="65"/>
      <line num="1266" type="stmt" count="65"/>
      <line num="1267" type="stmt" count="65"/>
      <line num="1268" type="stmt" count="65"/>
      <line num="1269" type="stmt" count="65"/>
      <line num="1271" type="stmt" count="65"/>
      <line num="1279" type="method" name="buildSelectStart" crap="3" count="65"/>
      <line num="1281" type="stmt" count="65"/>
      <line num="1283" type="stmt" count="65"/>
      <line num="1284" type="stmt" count="1"/>
      <line num="1285" type="stmt" count="1"/>
      <line num="1287" type="stmt" count="65"/>
      <line num="1289" type="stmt" count="65"/>
      <line num="1290" type="stmt" count="1"/>
      <line num="1291" type="stmt" count="1"/>
      <line num="1292" type="stmt" count="65"/>
      <line num="1300" type="method" name="buildJoin" crap="2" count="65"/>
      <line num="1302" type="stmt" count="65"/>
      <line num="1303" type="stmt" count="56"/>
      <line num="1306" type="stmt" count="9"/>
      <line num="1314" type="method" name="buildWhere" crap="3" count="66"/>
      <line num="1317" type="stmt" count="66"/>
      <line num="1318" type="stmt" count="31"/>
      <line num="1321" type="stmt" count="35"/>
      <line num="1322" type="stmt" count="35"/>
      <line num="1323" type="stmt" count="35"/>
      <line num="1324" type="stmt" count="35"/>
      <line num="1325" type="stmt" count="35"/>
      <line num="1327" type="stmt" count="35"/>
      <line num="1335" type="method" name="buildGroupBy" crap="2" count="65"/>
      <line num="1337" type="stmt" count="65"/>
      <line num="1338" type="stmt" count="63"/>
      <line num="1340" type="stmt" count="2"/>
      <line num="1348" type="method" name="buildOrderBy" crap="2" count="65"/>
      <line num="1350" type="stmt" count="65"/>
      <line num="1351" type="stmt" count="60"/>
      <line num="1353" type="stmt" count="5"/>
      <line num="1361" type="method" name="buildLimit" crap="2" count="65"/>
      <line num="1363" type="stmt" count="65"/>
      <line num="1364" type="stmt" count="33"/>
      <line num="1366" type="stmt" count="32"/>
      <line num="1374" type="method" name="buildOffset" crap="2" count="65"/>
      <line num="1376" type="stmt" count="65"/>
      <line num="1377" type="stmt" count="2"/>
      <line num="1379" type="stmt" count="63"/>
      <line num="1391" type="method" name="joinIfNotEmpty" crap="4" count="66"/>
      <line num="1393" type="stmt" count="66"/>
      <line num="1394" type="stmt" count="66"/>
      <line num="1395" type="stmt" count="66"/>
      <line num="1396" type="stmt" count="66"/>
      <line num="1397" type="stmt" count="66"/>
      <line num="1398" type="stmt" count="66"/>
      <line num="1399" type="stmt" count="66"/>
      <line num="1400" type="stmt" count="66"/>
      <line num="1401" type="stmt" count="66"/>
      <line num="1403" type="stmt" count="66"/>
      <line num="1415" type="method" name="quoteIdentifier" crap="1" count="68"/>
      <line num="1417" type="stmt" count="68"/>
      <line num="1418" type="stmt" count="68"/>
      <line num="1419" type="stmt" count="68"/>
      <line num="1431" type="method" name="quoteIdentifierPart" crap="2" count="68"/>
      <line num="1433" type="stmt" count="68"/>
      <line num="1434" type="stmt" count="1"/>
      <line num="1436" type="stmt" count="68"/>
      <line num="1437" type="stmt" count="68"/>
      <line num="1448" type="method" name="createCacheKey" crap="1" count="5"/>
      <line num="1450" type="stmt" count="5"/>
      <line num="1451" type="stmt" count="5"/>
      <line num="1452" type="stmt" count="5"/>
      <line num="1463" type="method" name="checkQueryCache" crap="5" count="5"/>
      <line num="1465" type="stmt" count="5"/>
      <line num="1466" type="stmt" count="5"/>
      <line num="1467" type="stmt" count="2"/>
      <line num="1469" type="stmt" count="3"/>
      <line num="1470" type="stmt" count="1"/>
      <line num="1471" type="stmt" count="1"/>
      <line num="1473" type="stmt" count="2"/>
      <line num="1474" type="stmt" count="2"/>
      <line num="1475" type="stmt" count="2"/>
      <line num="1483" type="method" name="clearCache" crap="3" count="3"/>
      <line num="1485" type="stmt" count="3"/>
      <line num="1486" type="stmt" count="3"/>
      <line num="1487" type="stmt" count="1"/>
      <line num="1488" type="stmt" count="1"/>
      <line num="1489" type="stmt" count="2"/>
      <line num="1490" type="stmt" count="1"/>
      <line num="1491" type="stmt" count="1"/>
      <line num="1492" type="stmt" count="1"/>
      <line num="1493" type="stmt" count="1"/>
      <line num="1494" type="stmt" count="1"/>
      <line num="1495" type="stmt" count="3"/>
      <line num="1496" type="stmt" count="2"/>
      <line num="1506" type="method" name="cacheQueryResult" crap="3.04" count="3"/>
      <line num="1508" type="stmt" count="3"/>
      <line num="1509" type="stmt" count="3"/>
      <line num="1510" type="stmt" count="2"/>
      <line num="1511" type="stmt" count="2"/>
      <line num="1512" type="stmt" count="1"/>
      <line num="1513" type="stmt" count="1"/>
      <line num="1514" type="stmt" count="1"/>
      <line num="1515" type="stmt" count="1"/>
      <line num="1516" type="stmt" count="0"/>
      <line num="1517" type="stmt" count="0"/>
      <line num="1518" type="stmt" count="3"/>
      <line num="1519" type="stmt" count="3"/>
      <line num="1527" type="method" name="run" crap="5" count="67"/>
      <line num="1529" type="stmt" count="67"/>
      <line num="1530" type="stmt" count="67"/>
      <line num="1532" type="stmt" count="67"/>
      <line num="1533" type="stmt" count="5"/>
      <line num="1534" type="stmt" count="5"/>
      <line num="1536" type="stmt" count="3"/>
      <line num="1537" type="stmt" count="3"/>
      <line num="1539" type="stmt" count="3"/>
      <line num="1541" type="stmt" count="65"/>
      <line num="1542" type="stmt" count="65"/>
      <line num="1543" type="stmt" count="63"/>
      <line num="1545" type="stmt" count="63"/>
      <line num="1546" type="stmt" count="63"/>
      <line num="1547" type="stmt" count="43"/>
      <line num="1548" type="stmt" count="43"/>
      <line num="1550" type="stmt" count="63"/>
      <line num="1551" type="stmt" count="3"/>
      <line num="1552" type="stmt" count="3"/>
      <line num="1554" type="stmt" count="63"/>
      <line num="1565" type="method" name="asArray" crap="2" count="1"/>
      <line num="1567" type="stmt" count="1"/>
      <line num="1568" type="stmt" count="1"/>
      <line num="1570" type="stmt" count="1"/>
      <line num="1571" type="stmt" count="1"/>
      <line num="1582" type="method" name="get" crap="2" count="6"/>
      <line num="1584" type="stmt" count="6"/>
      <line num="1593" type="method" name="getIdColumnName" crap="3" count="15"/>
      <line num="1595" type="stmt" count="15"/>
      <line num="1596" type="stmt" count="3"/>
      <line num="1598" type="stmt" count="12"/>
      <line num="1599" type="stmt" count="1"/>
      <line num="1601" type="stmt" count="11"/>
      <line num="1610" type="method" name="id" crap="1" count="5"/>
      <line num="1612" type="stmt" count="5"/>
      <line num="1626" type="method" name="set" crap="3" count="4"/>
      <line num="1628" type="stmt" count="4"/>
      <line num="1629" type="stmt" count="3"/>
      <line num="1630" type="stmt" count="3"/>
      <line num="1632" type="stmt" count="4"/>
      <line num="1633" type="stmt" count="4"/>
      <line num="1634" type="stmt" count="4"/>
      <line num="1635" type="stmt" count="4"/>
      <line num="1636" type="stmt" count="4"/>
      <line num="1646" type="method" name="isDirty" crap="1" count="2"/>
      <line num="1648" type="stmt" count="2"/>
      <line num="1657" type="method" name="save" crap="5" count="4"/>
      <line num="1659" type="stmt" count="4"/>
      <line num="1660" type="stmt" count="4"/>
      <line num="1664" type="stmt" count="3"/>
      <line num="1665" type="stmt" count="1"/>
      <line num="1667" type="stmt" count="2"/>
      <line num="1668" type="stmt" count="2"/>
      <line num="1670" type="stmt" count="2"/>
      <line num="1673" type="stmt" count="4"/>
      <line num="1674" type="stmt" count="4"/>
      <line num="1675" type="stmt" count="4"/>
      <line num="1678" type="stmt" count="4"/>
      <line num="1679" type="stmt" count="2"/>
      <line num="1680" type="stmt" count="2"/>
      <line num="1681" type="stmt" count="2"/>
      <line num="1682" type="stmt" count="2"/>
      <line num="1683" type="stmt" count="2"/>
      <line num="1685" type="stmt" count="4"/>
      <line num="1686" type="stmt" count="4"/>
      <line num="1694" type="method" name="buildUpdate" crap="2" count="2"/>
      <line num="1696" type="stmt" count="2"/>
      <line num="1697" type="stmt" count="2"/>
      <line num="1699" type="stmt" count="2"/>
      <line num="1700" type="stmt" count="2"/>
      <line num="1701" type="stmt" count="2"/>
      <line num="1702" type="stmt" count="2"/>
      <line num="1703" type="stmt" count="2"/>
      <line num="1704" type="stmt" count="2"/>
      <line num="1705" type="stmt" count="2"/>
      <line num="1706" type="stmt" count="2"/>
      <line num="1707" type="stmt" count="2"/>
      <line num="1708" type="stmt" count="2"/>
      <line num="1716" type="method" name="buildInsert" crap="1" count="2"/>
      <line num="1718" type="stmt" count="2"/>
      <line num="1719" type="stmt" count="2"/>
      <line num="1720" type="stmt" count="2"/>
      <line num="1721" type="stmt" count="2"/>
      <line num="1722" type="stmt" count="2"/>
      <line num="1724" type="stmt" count="2"/>
      <line num="1725" type="stmt" count="2"/>
      <line num="1726" type="stmt" count="2"/>
      <line num="1734" type="method" name="delete" crap="1" count="1"/>
      <line num="1736" type="stmt" count="1"/>
      <line num="1737" type="stmt" count="1"/>
      <line num="1739" type="stmt" count="1"/>
      <line num="1740" type="stmt" count="1"/>
      <line num="1741" type="stmt" count="1"/>
      <line num="1742" type="stmt" count="1"/>
      <line num="1743" type="stmt" count="1"/>
      <line num="1745" type="stmt" count="1"/>
      <line num="1746" type="stmt" count="1"/>
      <line num="1747" type="stmt" count="1"/>
      <line num="1748" type="stmt" count="1"/>
      <line num="1749" type="stmt" count="1"/>
      <line num="1758" type="method" name="deleteMany" crap="1" count="1"/>
      <line num="1763" type="stmt" count="1"/>
      <line num="1764" type="stmt" count="1"/>
      <line num="1765" type="stmt" count="1"/>
      <line num="1766" type="stmt" count="1"/>
      <line num="1767" type="stmt" count="1"/>
      <line num="1768" type="stmt" count="1"/>
      <line num="1769" type="stmt" count="1"/>
      <line num="1771" type="stmt" count="1"/>
      <line num="1772" type="stmt" count="1"/>
      <line num="1773" type="stmt" count="1"/>
      <line num="1787" type="method" name="__get" crap="1" count="1"/>
      <line num="1789" type="stmt" count="1"/>
      <line num="1800" type="method" name="__set" crap="1" count="3"/>
      <line num="1802" type="stmt" count="3"/>
      <line num="1803" type="stmt" count="3"/>
      <line num="1812" type="method" name="__isset" crap="1" count="1"/>
      <line num="1814" type="stmt" count="1"/>
      <line num="1825" type="method" name="__unset" crap="1" count="1"/>
      <line num="1827" type="stmt" count="1"/>
      <line num="1828" type="stmt" count="1"/>
      <line num="1829" type="stmt" count="1"/>
      <line num="1845" type="method" name="__call" crap="3" count="3"/>
      <line num="1847" type="stmt" count="3"/>
      <line num="1849" type="stmt" count="3"/>
      <line num="1850" type="stmt" count="2"/>
      <line num="1851" type="stmt" count="1"/>
      <line num="1854" type="stmt" count="1"/>
      <metrics loc="1855" ncloc="873" classes="1" methods="97" coveredmethods="95" conditionals="0" coveredconditionals="0" statements="418" coveredstatements="414" elements="515" coveredelements="509"/>
    </file>
    <file name="/home/kevin/Projects/idiorm/src/Orm.php">
      <class name="Orm" namespace="global">
        <metrics methods="0" coveredmethods="0" conditionals="0" coveredconditionals="0" statements="0" coveredstatements="0" elements="0" coveredelements="0"/>
      </class>
      <metrics loc="2" ncloc="2" classes="1" methods="0" coveredmethods="0" conditionals="0" coveredconditionals="0" statements="0" coveredstatements="0" elements="0" coveredelements="0"/>
    </file>
    <metrics files="2" loc="1857" ncloc="875" classes="2" methods="97" coveredmethods="95" conditionals="0" coveredconditionals="0" statements="418" coveredstatements="414" elements="515" coveredelements="509"/>
  </project>
</coverage>
